# JRE version: Java(TM) SE Runtime Environment 18.9 (11.0.16.1+1) (build 11.0.16.1+1-LTS-1)
# Java VM: Java HotSpot(TM) 64-Bit Server VM 18.9 (11.0.16.1+1-LTS-1, mixed mode, tiered, compressed oops, g1 gc, windows-amd64)
Heap:
 garbage-first heap   total 262144K, used 40946K [0x00000000e0000000, 0x0000000100000000)
  region size 1024K, 28 young (28672K), 17 survivors (17408K)
 Metaspace       used 48023K, capacity 49239K, committed 49280K, reserved 296960K
  class space    used 6259K, capacity 6769K, committed 6784K, reserved 253952K
GC Heap History (10 events):
Event: 9.108 GC heap before
{Heap before GC invocations=3 (full 0):
 garbage-first heap   total 262144K, used 46862K [0x00000000e0000000, 0x0000000100000000)
  region size 1024K, 37 young (37888K), 4 survivors (4096K)
 Metaspace       used 17601K, capacity 18003K, committed 18176K, reserved 270336K
  class space    used 2078K, capacity 2240K, committed 2304K, reserved 253952K
}
Event: 9.115 GC heap after
{Heap after GC invocations=4 (full 0):
 garbage-first heap   total 262144K, used 16479K [0x00000000e0000000, 0x0000000100000000)
  region size 1024K, 5 young (5120K), 5 survivors (5120K)
 Metaspace       used 17601K, capacity 18003K, committed 18176K, reserved 270336K
  class space    used 2078K, capacity 2240K, committed 2304K, reserved 253952K
}
Event: 10.026 GC heap before
{Heap before GC invocations=4 (full 0):
 garbage-first heap   total 262144K, used 42079K [0x00000000e0000000, 0x0000000100000000)
  region size 1024K, 31 young (31744K), 5 survivors (5120K)
 Metaspace       used 20684K, capacity 21097K, committed 21248K, reserved 272384K
  class space    used 2540K, capacity 2722K, committed 2816K, reserved 253952K
}
Event: 10.033 GC heap after
{Heap after GC invocations=5 (full 0):
 garbage-first heap   total 262144K, used 17304K [0x00000000e0000000, 0x0000000100000000)
  region size 1024K, 4 young (4096K), 4 survivors (4096K)
 Metaspace       used 20684K, capacity 21097K, committed 21248K, reserved 272384K
  class space    used 2540K, capacity 2722K, committed 2816K, reserved 253952K
}
Event: 17.827 GC heap before
{Heap before GC invocations=6 (full 0):
 garbage-first heap   total 262144K, used 71576K [0x00000000e0000000, 0x0000000100000000)
  region size 1024K, 57 young (58368K), 4 survivors (4096K)
 Metaspace       used 26543K, capacity 27217K, committed 27392K, reserved 278528K
  class space    used 3487K, capacity 3733K, committed 3840K, reserved 253952K
}
Event: 17.843 GC heap after
{Heap after GC invocations=7 (full 0):
 garbage-first heap   total 262144K, used 19435K [0x00000000e0000000, 0x0000000100000000)
  region size 1024K, 6 young (6144K), 6 survivors (6144K)
 Metaspace       used 26543K, capacity 27217K, committed 27392K, reserved 278528K
  class space    used 3487K, capacity 3733K, committed 3840K, reserved 253952K
}
Event: 20.917 GC heap before
{Heap before GC invocations=7 (full 0):
 garbage-first heap   total 262144K, used 84971K [0x00000000e0000000, 0x0000000100000000)
  region size 1024K, 71 young (72704K), 6 survivors (6144K)
 Metaspace       used 34946K, capacity 35771K, committed 35840K, reserved 286720K
  class space    used 4603K, capacity 4952K, committed 4992K, reserved 253952K
}
Event: 20.939 GC heap after
{Heap after GC invocations=8 (full 0):
 garbage-first heap   total 262144K, used 22506K [0x00000000e0000000, 0x0000000100000000)
  region size 1024K, 9 young (9216K), 9 survivors (9216K)
 Metaspace       used 34946K, capacity 35771K, committed 35840K, reserved 286720K
  class space    used 4603K, capacity 4952K, committed 4992K, reserved 253952K
}
Event: 26.754 GC heap before
{Heap before GC invocations=9 (full 0):
 garbage-first heap   total 262144K, used 165866K [0x00000000e0000000, 0x0000000100000000)
  region size 1024K, 146 young (149504K), 9 survivors (9216K)
 Metaspace       used 47612K, capacity 48795K, committed 48896K, reserved 296960K
  class space    used 6191K, capacity 6645K, committed 6656K, reserved 253952K
}
Event: 26.780 GC heap after
{Heap after GC invocations=10 (full 0):
 garbage-first heap   total 262144K, used 30706K [0x00000000e0000000, 0x0000000100000000)
  region size 1024K, 17 young (17408K), 17 survivors (17408K)
 Metaspace       used 47612K, capacity 48795K, committed 48896K, reserved 296960K
  class space    used 6191K, capacity 6645K, committed 6656K, reserved 253952K
}

